<?xml version="1.0" encoding="UTF-8"?>
<!-- Generated by org.testng.reporters.JUnitXMLReporter -->
<testsuite hostname="amiteshs-MacBook-Air.local" ignored="0" name="Creating a new mail in Chrome" tests="2" failures="0" timestamp="10 Sep 2018 11:54:38 GMT" time="36.271" errors="0">
  <testcase name="login" time="6.228" classname="com.CiviCrm.Practice.NewMailling"/>
  <testcase name="createMail" time="25.353" classname="com.CiviCrm.Practice.NewMailling"/>
</testsuite> <!-- Creating a new mail in Chrome -->
