<?xml version="1.0" encoding="UTF-8"?>
<!-- Generated by org.testng.reporters.JUnitXMLReporter -->
<testsuite hostname="amiteshs-MacBook-Air.local" ignored="0" name="Create a new student contact" tests="2" failures="0" timestamp="06 Aug 2018 09:21:45 GMT" time="29.367" errors="0">
  <testcase name="loginInSite" time="10.063" classname="com.CiviCrm.Practice.NewStudentContact"/>
  <testcase name="createNewStudent" time="13.654" classname="com.CiviCrm.Practice.NewStudentContact"/>
</testsuite> <!-- Create a new student contact -->
